<?xml version="1.0" encoding="UTF-8"?>
<!-- Generated by org.testng.reporters.JUnitReportReporter -->
<testsuite hostname="ICPL11541" name="NewTest" tests="1" failures="0" timestamp="15 Mar 2018 12:00:48 GMT" time="0.001" errors="0">
  <testcase name="f" time="0.001" classname="NewTest"/>
</testsuite> <!-- NewTest -->
