<?xml version="1.0" encoding="UTF-8"?>
<!-- Generated by org.testng.reporters.JUnitReportReporter -->
<testsuite hostname="ICPL11541" name="Assignment_2.onboardingAssignment_2.AppTest" tests="1" failures="0" timestamp="15 Mar 2018 12:17:18 GMT" time="0.015" errors="0">
  <testcase name="testApp" time="0.015" classname="Assignment_2.onboardingAssignment_2.AppTest"/>
</testsuite> <!-- Assignment_2.onboardingAssignment_2.AppTest -->
