<?xml version="1.0" encoding="UTF-8"?>
<!-- Generated by org.testng.reporters.JUnitReportReporter -->
<testsuite hostname="ICPL11541" name="TestCase" tests="1" failures="0" timestamp="15 Mar 2018 12:44:11 GMT" time="9.162" errors="0">
  <testcase name="test" time="9.162" classname="TestCase"/>
</testsuite> <!-- TestCase -->
